# JRE version: Java(TM) SE Runtime Environment (8.0_161-b12) (build 1.8.0_161-b12)
# Java VM: Java HotSpot(TM) 64-Bit Server VM (25.161-b12 mixed mode windows-amd64 compressed oops)
Heap:
 PSYoungGen      total 230912K, used 226304K [0x00000000f1580000, 0x0000000100000000, 0x0000000100000000)
  eden space 226304K, 100% used [0x00000000f1580000,0x00000000ff280000,0x00000000ff280000)
  from space 4608K, 0% used [0x00000000ff280000,0x00000000ff280000,0x00000000ff700000)
  to   space 4608K, 0% used [0x00000000ffb80000,0x00000000ffb88000,0x0000000100000000)
 ParOldGen       total 480768K, used 414215K [0x00000000d4000000, 0x00000000f1580000, 0x00000000f1580000)
  object space 480768K, 86% used [0x00000000d4000000,0x00000000ed481f90,0x00000000f1580000)
 Metaspace       used 19997K, capacity 20238K, committed 20736K, reserved 1067008K
  class space    used 2608K, capacity 2710K, committed 2816K, reserved 1048576K
GC Heap History (10 events):
Event: 29.689 GC heap after
Heap after GC invocations=15 (full 1):
 PSYoungGen      total 230912K, used 0K [0x00000000f1580000, 0x0000000100000000, 0x0000000100000000)
  eden space 226304K, 0% used [0x00000000f1580000,0x00000000f1580000,0x00000000ff280000)
  from space 4608K, 0% used [0x00000000ff700000,0x00000000ff700000,0x00000000ffb80000)
  to   space 4608K, 0% used [0x00000000ff280000,0x00000000ff280000,0x00000000ff700000)
 ParOldGen       total 480768K, used 415780K [0x00000000d4000000, 0x00000000f1580000, 0x00000000f1580000)
  object space 480768K, 86% used [0x00000000d4000000,0x00000000ed6093c8,0x00000000f1580000)
 Metaspace       used 19994K, capacity 20238K, committed 20736K, reserved 1067008K
  class space    used 2607K, capacity 2710K, committed 2816K, reserved 1048576K
}
Event: 35.747 GC heap before
{Heap before GC invocations=16 (full 1):
 PSYoungGen      total 230912K, used 226304K [0x00000000f1580000, 0x0000000100000000, 0x0000000100000000)
  eden space 226304K, 100% used [0x00000000f1580000,0x00000000ff280000,0x00000000ff280000)
  from space 4608K, 0% used [0x00000000ff700000,0x00000000ff700000,0x00000000ffb80000)
  to   space 4608K, 0% used [0x00000000ff280000,0x00000000ff280000,0x00000000ff700000)
 ParOldGen       total 480768K, used 415780K [0x00000000d4000000, 0x00000000f1580000, 0x00000000f1580000)
  object space 480768K, 86% used [0x00000000d4000000,0x00000000ed6093c8,0x00000000f1580000)
 Metaspace       used 19997K, capacity 20238K, committed 20736K, reserved 1067008K
  class space    used 2608K, capacity 2710K, committed 2816K, reserved 1048576K
Event: 35.757 GC heap after
Heap after GC invocations=16 (full 1):
 PSYoungGen      total 230912K, used 48K [0x00000000f1580000, 0x0000000100000000, 0x0000000100000000)
  eden space 226304K, 0% used [0x00000000f1580000,0x00000000f1580000,0x00000000ff280000)
  from space 4608K, 1% used [0x00000000ff280000,0x00000000ff28c018,0x00000000ff700000)
  to   space 4608K, 0% used [0x00000000ffb80000,0x00000000ffb80000,0x0000000100000000)
 ParOldGen       total 480768K, used 415780K [0x00000000d4000000, 0x00000000f1580000, 0x00000000f1580000)
  object space 480768K, 86% used [0x00000000d4000000,0x00000000ed6093c8,0x00000000f1580000)
 Metaspace       used 19997K, capacity 20238K, committed 20736K, reserved 1067008K
  class space    used 2608K, capacity 2710K, committed 2816K, reserved 1048576K
}
Event: 37.352 GC heap before
{Heap before GC invocations=17 (full 1):
 PSYoungGen      total 230912K, used 226352K [0x00000000f1580000, 0x0000000100000000, 0x0000000100000000)
  eden space 226304K, 100% used [0x00000000f1580000,0x00000000ff280000,0x00000000ff280000)
  from space 4608K, 1% used [0x00000000ff280000,0x00000000ff28c018,0x00000000ff700000)
  to   space 4608K, 0% used [0x00000000ffb80000,0x00000000ffb80000,0x0000000100000000)
 ParOldGen       total 480768K, used 415780K [0x00000000d4000000, 0x00000000f1580000, 0x00000000f1580000)
  object space 480768K, 86% used [0x00000000d4000000,0x00000000ed6093c8,0x00000000f1580000)
 Metaspace       used 19997K, capacity 20238K, committed 20736K, reserved 1067008K
  class space    used 2608K, capacity 2710K, committed 2816K, reserved 1048576K
Event: 37.364 GC heap after
Heap after GC invocations=17 (full 1):
 PSYoungGen      total 230912K, used 226352K [0x00000000f1580000, 0x0000000100000000, 0x0000000100000000)
  eden space 226304K, 100% used [0x00000000f1580000,0x00000000ff280000,0x00000000ff280000)
  from space 4608K, 1% used [0x00000000ff280000,0x00000000ff28c018,0x00000000ff700000)
  to   space 4608K, 1% used [0x00000000ffb80000,0x00000000ffb90000,0x0000000100000000)
 ParOldGen       total 480768K, used 415788K [0x00000000d4000000, 0x00000000f1580000, 0x00000000f1580000)
  object space 480768K, 86% used [0x00000000d4000000,0x00000000ed60b3c8,0x00000000f1580000)
 Metaspace       used 19997K, capacity 20238K, committed 20736K, reserved 1067008K
  class space    used 2608K, capacity 2710K, committed 2816K, reserved 1048576K
}
Event: 37.364 GC heap before
{Heap before GC invocations=18 (full 2):
 PSYoungGen      total 230912K, used 226352K [0x00000000f1580000, 0x0000000100000000, 0x0000000100000000)
  eden space 226304K, 100% used [0x00000000f1580000,0x00000000ff280000,0x00000000ff280000)
  from space 4608K, 1% used [0x00000000ff280000,0x00000000ff28c018,0x00000000ff700000)
  to   space 4608K, 1% used [0x00000000ffb80000,0x00000000ffb90000,0x0000000100000000)
 ParOldGen       total 480768K, used 415788K [0x00000000d4000000, 0x00000000f1580000, 0x00000000f1580000)
  object space 480768K, 86% used [0x00000000d4000000,0x00000000ed60b3c8,0x00000000f1580000)
 Metaspace       used 19997K, capacity 20238K, committed 20736K, reserved 1067008K
  class space    used 2608K, capacity 2710K, committed 2816K, reserved 1048576K
Event: 38.124 GC heap after
Heap after GC invocations=18 (full 2):
 PSYoungGen      total 230912K, used 102419K [0x00000000f1580000, 0x0000000100000000, 0x0000000100000000)
  eden space 226304K, 45% used [0x00000000f1580000,0x00000000f7984fd8,0x00000000ff280000)
  from space 4608K, 0% used [0x00000000ff280000,0x00000000ff280000,0x00000000ff700000)
  to   space 4608K, 0% used [0x00000000ffb80000,0x00000000ffb80000,0x0000000100000000)
 ParOldGen       total 480768K, used 414207K [0x00000000d4000000, 0x00000000f1580000, 0x00000000f1580000)
  object space 480768K, 86% used [0x00000000d4000000,0x00000000ed47ff90,0x00000000f1580000)
 Metaspace       used 19997K, capacity 20238K, committed 20736K, reserved 1067008K
  class space    used 2608K, capacity 2710K, committed 2816K, reserved 1048576K
}
Event: 39.721 GC heap before
{Heap before GC invocations=19 (full 2):
 PSYoungGen      total 230912K, used 226304K [0x00000000f1580000, 0x0000000100000000, 0x0000000100000000)
  eden space 226304K, 100% used [0x00000000f1580000,0x00000000ff280000,0x00000000ff280000)
  from space 4608K, 0% used [0x00000000ff280000,0x00000000ff280000,0x00000000ff700000)
  to   space 4608K, 0% used [0x00000000ffb80000,0x00000000ffb80000,0x0000000100000000)
 ParOldGen       total 480768K, used 414207K [0x00000000d4000000, 0x00000000f1580000, 0x00000000f1580000)
  object space 480768K, 86% used [0x00000000d4000000,0x00000000ed47ff90,0x00000000f1580000)
 Metaspace       used 19997K, capacity 20238K, committed 20736K, reserved 1067008K
  class space    used 2608K, capacity 2710K, committed 2816K, reserved 1048576K
Event: 39.739 GC heap after
Heap after GC invocations=19 (full 2):
 PSYoungGen      total 230912K, used 226304K [0x00000000f1580000, 0x0000000100000000, 0x0000000100000000)
  eden space 226304K, 100% used [0x00000000f1580000,0x00000000ff280000,0x00000000ff280000)
  from space 4608K, 0% used [0x00000000ff280000,0x00000000ff280000,0x00000000ff700000)
  to   space 4608K, 0% used [0x00000000ffb80000,0x00000000ffb88000,0x0000000100000000)
 ParOldGen       total 480768K, used 414215K [0x00000000d4000000, 0x00000000f1580000, 0x00000000f1580000)
  object space 480768K, 86% used [0x00000000d4000000,0x00000000ed481f90,0x00000000f1580000)
 Metaspace       used 19997K, capacity 20238K, committed 20736K, reserved 1067008K
  class space    used 2608K, capacity 2710K, committed 2816K, reserved 1048576K
}
Event: 39.739 GC heap before
{Heap before GC invocations=20 (full 3):
 PSYoungGen      total 230912K, used 226304K [0x00000000f1580000, 0x0000000100000000, 0x0000000100000000)
  eden space 226304K, 100% used [0x00000000f1580000,0x00000000ff280000,0x00000000ff280000)
  from space 4608K, 0% used [0x00000000ff280000,0x00000000ff280000,0x00000000ff700000)
  to   space 4608K, 0% used [0x00000000ffb80000,0x00000000ffb88000,0x0000000100000000)
 ParOldGen       total 480768K, used 414215K [0x00000000d4000000, 0x00000000f1580000, 0x00000000f1580000)
  object space 480768K, 86% used [0x00000000d4000000,0x00000000ed481f90,0x00000000f1580000)
 Metaspace       used 19997K, capacity 20238K, committed 20736K, reserved 1067008K
  class space    used 2608K, capacity 2710K, committed 2816K, reserved 1048576K

